Script started at 2024-08-01 01:00:04
Branch's MIS Script started at 2024-08-01 01:05:02
KINGFISH-10004's MIS report successfully sent. KINGFISH-10003's MIS report successfully sent. KINGFISH-10002's MIS report successfully sent. KINGFISH-10001's MIS report successfully sent. Branch's MIS Script ended at 2024-08-01 01:06:06
Branch's MIS Script started at 2024-08-01 01:10:03
KINGFISH-10004's MIS report successfully sent.
KINGFISH-10003's MIS report successfully sent.
KINGFISH-10002's MIS report successfully sent.
KINGFISH-10001's MIS report successfully sent.

Branch's MIS Script ended at 2024-08-01 01:11:07
Branch's MIS Script started at 2024-08-01 13:04:12
Branch's MIS Script started at 2024-08-01 13:04:15
Branch's MIS Script started at 2024-08-01 13:04:18
KINGFISH-10004's MIS report successfully sent.
Branch's MIS Script started at 2024-08-01 13:05:02
KINGFISH-10004's MIS report successfully sent.
KINGFISH-10003's MIS report successfully sent.
KINGFISH-10002's MIS report successfully sent.
KINGFISH-10001's MIS report successfully sent.

Branch's MIS Script ended at 2024-08-01 13:06:06
Branch's MIS Script started at 2024-08-01 13:10:00
KINGFISH-10004's MIS report successfully sent.
KINGFISH-10003's MIS report successfully sent.
KINGFISH-10002's MIS report successfully sent.
KINGFISH-10001's MIS report successfully sent.

Branch's MIS Script ended at 2024-08-01 13:11:03
